{"D:\\Project\\Vue3源码\\ZXS-Mini-Vue\\src\\reactivity\\baseHandlers.ts": {"path":"D:\\Project\\Vue3源码\\ZXS-Mini-Vue\\src\\reactivity\\baseHandlers.ts","statementMap":{"0":{"start":{"line":5,"column":12},"end":{"line":5,"column":26}},"1":{"start":{"line":6,"column":12},"end":{"line":6,"column":26}},"2":{"start":{"line":7,"column":20},"end":{"line":7,"column":38}},"3":{"start":{"line":8,"column":27},"end":{"line":8,"column":51}},"4":{"start":{"line":11,"column":1},"end":{"line":34,"column":3}},"5":{"start":{"line":13,"column":2},"end":{"line":18,"column":3}},"6":{"start":{"line":14,"column":3},"end":{"line":14,"column":22}},"7":{"start":{"line":15,"column":9},"end":{"line":18,"column":3}},"8":{"start":{"line":17,"column":3},"end":{"line":17,"column":21}},"9":{"start":{"line":19,"column":14},"end":{"line":19,"column":38}},"10":{"start":{"line":21,"column":2},"end":{"line":23,"column":3}},"11":{"start":{"line":22,"column":3},"end":{"line":22,"column":22}},"12":{"start":{"line":25,"column":2},"end":{"line":27,"column":3}},"13":{"start":{"line":26,"column":3},"end":{"line":26,"column":14}},"14":{"start":{"line":29,"column":2},"end":{"line":31,"column":3}},"15":{"start":{"line":30,"column":3},"end":{"line":30,"column":53}},"16":{"start":{"line":33,"column":2},"end":{"line":33,"column":13}},"17":{"start":{"line":38,"column":1},"end":{"line":42,"column":3}},"18":{"start":{"line":39,"column":14},"end":{"line":39,"column":45}},"19":{"start":{"line":40,"column":2},"end":{"line":40,"column":30}},"20":{"start":{"line":41,"column":2},"end":{"line":41,"column":13}},"21":{"start":{"line":44,"column":31},"end":{"line":47,"column":1}},"22":{"start":{"line":49,"column":32},"end":{"line":56,"column":1}},"23":{"start":{"line":53,"column":2},"end":{"line":53,"column":51}},"24":{"start":{"line":54,"column":2},"end":{"line":54,"column":14}},"25":{"start":{"line":59,"column":39},"end":{"line":65,"column":1}},"26":{"start":{"line":62,"column":2},"end":{"line":62,"column":51}},"27":{"start":{"line":63,"column":2},"end":{"line":63,"column":14}}},"fnMap":{"0":{"name":"createGetter","decl":{"start":{"line":10,"column":9},"end":{"line":10,"column":21}},"loc":{"start":{"line":10,"column":61},"end":{"line":35,"column":1}},"line":10},"1":{"name":"get","decl":{"start":{"line":11,"column":17},"end":{"line":11,"column":20}},"loc":{"start":{"line":11,"column":34},"end":{"line":34,"column":2}},"line":11},"2":{"name":"createSetter","decl":{"start":{"line":37,"column":9},"end":{"line":37,"column":21}},"loc":{"start":{"line":37,"column":24},"end":{"line":43,"column":1}},"line":37},"3":{"name":"set","decl":{"start":{"line":38,"column":17},"end":{"line":38,"column":20}},"loc":{"start":{"line":38,"column":41},"end":{"line":42,"column":2}},"line":38},"4":{"name":"(anonymous_4)","decl":{"start":{"line":52,"column":1},"end":{"line":52,"column":2}},"loc":{"start":{"line":52,"column":25},"end":{"line":55,"column":2}},"line":52},"5":{"name":"(anonymous_5)","decl":{"start":{"line":61,"column":1},"end":{"line":61,"column":2}},"loc":{"start":{"line":61,"column":25},"end":{"line":64,"column":2}},"line":61}},"branchMap":{"0":{"loc":{"start":{"line":10,"column":22},"end":{"line":10,"column":40}},"type":"default-arg","locations":[{"start":{"line":10,"column":35},"end":{"line":10,"column":40}}],"line":10},"1":{"loc":{"start":{"line":10,"column":42},"end":{"line":10,"column":59}},"type":"default-arg","locations":[{"start":{"line":10,"column":54},"end":{"line":10,"column":59}}],"line":10},"2":{"loc":{"start":{"line":13,"column":2},"end":{"line":18,"column":3}},"type":"if","locations":[{"start":{"line":13,"column":2},"end":{"line":18,"column":3}},{"start":{"line":15,"column":9},"end":{"line":18,"column":3}}],"line":13},"3":{"loc":{"start":{"line":15,"column":9},"end":{"line":18,"column":3}},"type":"if","locations":[{"start":{"line":15,"column":9},"end":{"line":18,"column":3}},{"start":{},"end":{}}],"line":15},"4":{"loc":{"start":{"line":21,"column":2},"end":{"line":23,"column":3}},"type":"if","locations":[{"start":{"line":21,"column":2},"end":{"line":23,"column":3}},{"start":{},"end":{}}],"line":21},"5":{"loc":{"start":{"line":25,"column":2},"end":{"line":27,"column":3}},"type":"if","locations":[{"start":{"line":25,"column":2},"end":{"line":27,"column":3}},{"start":{},"end":{}}],"line":25},"6":{"loc":{"start":{"line":29,"column":2},"end":{"line":31,"column":3}},"type":"if","locations":[{"start":{"line":29,"column":2},"end":{"line":31,"column":3}},{"start":{},"end":{}}],"line":29},"7":{"loc":{"start":{"line":30,"column":10},"end":{"line":30,"column":52}},"type":"cond-expr","locations":[{"start":{"line":30,"column":23},"end":{"line":30,"column":36}},{"start":{"line":30,"column":39},"end":{"line":30,"column":52}}],"line":30}},"s":{"0":1,"1":1,"2":1,"3":1,"4":3,"5":5,"6":0,"7":5,"8":2,"9":3,"10":3,"11":0,"12":3,"13":2,"14":1,"15":1,"16":0,"17":1,"18":0,"19":0,"20":0,"21":1,"22":1,"23":0,"24":0,"25":1,"26":0,"27":0},"f":{"0":3,"1":5,"2":1,"3":0,"4":0,"5":0},"b":{"0":[1],"1":[2],"2":[0,5],"3":[2,3],"4":[0,3],"5":[2,1],"6":[1,0],"7":[1,0]},"_coverageSchema":"1a1c01bbd47fc00a2c39e90264f33305004495a9","hash":"f3603cb3a9956e4241035ebdfe81e011f7e1b46a"}
,"D:\\Project\\Vue3源码\\ZXS-Mini-Vue\\src\\reactivity\\effect.ts": {"path":"D:\\Project\\Vue3源码\\ZXS-Mini-Vue\\src\\reactivity\\effect.ts","statementMap":{"0":{"start":{"line":11,"column":8},"end":{"line":11,"column":10}},"1":{"start":{"line":12,"column":10},"end":{"line":12,"column":14}},"2":{"start":{"line":15,"column":2},"end":{"line":15,"column":16}},"3":{"start":{"line":16,"column":2},"end":{"line":16,"column":29}},"4":{"start":{"line":20,"column":2},"end":{"line":20,"column":21}},"5":{"start":{"line":21,"column":2},"end":{"line":23,"column":3}},"6":{"start":{"line":22,"column":3},"end":{"line":22,"column":21}},"7":{"start":{"line":24,"column":2},"end":{"line":24,"column":21}},"8":{"start":{"line":25,"column":2},"end":{"line":25,"column":22}},"9":{"start":{"line":26,"column":2},"end":{"line":26,"column":27}},"10":{"start":{"line":27,"column":17},"end":{"line":27,"column":27}},"11":{"start":{"line":29,"column":2},"end":{"line":29,"column":22}},"12":{"start":{"line":30,"column":2},"end":{"line":30,"column":27}},"13":{"start":{"line":31,"column":2},"end":{"line":31,"column":16}},"14":{"start":{"line":34,"column":2},"end":{"line":41,"column":3}},"15":{"start":{"line":35,"column":3},"end":{"line":35,"column":23}},"16":{"start":{"line":37,"column":3},"end":{"line":39,"column":4}},"17":{"start":{"line":38,"column":4},"end":{"line":38,"column":18}},"18":{"start":{"line":40,"column":3},"end":{"line":40,"column":23}},"19":{"start":{"line":49,"column":18},"end":{"line":49,"column":27}},"20":{"start":{"line":52,"column":1},"end":{"line":52,"column":27}},"21":{"start":{"line":52,"column":20},"end":{"line":52,"column":27}},"22":{"start":{"line":54,"column":15},"end":{"line":54,"column":36}},"23":{"start":{"line":56,"column":1},"end":{"line":59,"column":2}},"24":{"start":{"line":57,"column":2},"end":{"line":57,"column":22}},"25":{"start":{"line":58,"column":2},"end":{"line":58,"column":33}},"26":{"start":{"line":60,"column":11},"end":{"line":60,"column":27}},"27":{"start":{"line":62,"column":1},"end":{"line":65,"column":2}},"28":{"start":{"line":63,"column":2},"end":{"line":63,"column":18}},"29":{"start":{"line":64,"column":2},"end":{"line":64,"column":24}},"30":{"start":{"line":67,"column":1},"end":{"line":67,"column":18}},"31":{"start":{"line":73,"column":1},"end":{"line":73,"column":35}},"32":{"start":{"line":73,"column":28},"end":{"line":73,"column":35}},"33":{"start":{"line":74,"column":1},"end":{"line":74,"column":23}},"34":{"start":{"line":75,"column":1},"end":{"line":75,"column":29}},"35":{"start":{"line":80,"column":15},"end":{"line":80,"column":36}},"36":{"start":{"line":81,"column":11},"end":{"line":81,"column":27}},"37":{"start":{"line":82,"column":1},"end":{"line":82,"column":20}},"38":{"start":{"line":87,"column":1},"end":{"line":94,"column":2}},"39":{"start":{"line":89,"column":2},"end":{"line":93,"column":3}},"40":{"start":{"line":90,"column":3},"end":{"line":90,"column":22}},"41":{"start":{"line":92,"column":3},"end":{"line":92,"column":16}},"42":{"start":{"line":99,"column":1},"end":{"line":99,"column":22}},"43":{"start":{"line":103,"column":1},"end":{"line":105,"column":4}},"44":{"start":{"line":104,"column":2},"end":{"line":104,"column":21}},"45":{"start":{"line":106,"column":1},"end":{"line":106,"column":24}},"46":{"start":{"line":111,"column":1},"end":{"line":111,"column":50}},"47":{"start":{"line":114,"column":17},"end":{"line":114,"column":58}},"48":{"start":{"line":121,"column":1},"end":{"line":121,"column":26}},"49":{"start":{"line":122,"column":1},"end":{"line":122,"column":15}},"50":{"start":{"line":123,"column":21},"end":{"line":123,"column":46}},"51":{"start":{"line":125,"column":1},"end":{"line":125,"column":25}},"52":{"start":{"line":126,"column":1},"end":{"line":126,"column":15}}},"fnMap":{"0":{"name":"(anonymous_0)","decl":{"start":{"line":14,"column":1},"end":{"line":14,"column":2}},"loc":{"start":{"line":14,"column":39},"end":{"line":17,"column":2}},"line":14},"1":{"name":"(anonymous_1)","decl":{"start":{"line":19,"column":1},"end":{"line":19,"column":2}},"loc":{"start":{"line":19,"column":7},"end":{"line":32,"column":2}},"line":19},"2":{"name":"(anonymous_2)","decl":{"start":{"line":33,"column":1},"end":{"line":33,"column":2}},"loc":{"start":{"line":33,"column":8},"end":{"line":42,"column":2}},"line":33},"3":{"name":"track","decl":{"start":{"line":51,"column":16},"end":{"line":51,"column":21}},"loc":{"start":{"line":51,"column":35},"end":{"line":68,"column":1}},"line":51},"4":{"name":"trackEffect","decl":{"start":{"line":71,"column":16},"end":{"line":71,"column":27}},"loc":{"start":{"line":71,"column":33},"end":{"line":76,"column":1}},"line":71},"5":{"name":"trigger","decl":{"start":{"line":79,"column":16},"end":{"line":79,"column":23}},"loc":{"start":{"line":79,"column":59},"end":{"line":83,"column":1}},"line":79},"6":{"name":"triggerEffect","decl":{"start":{"line":85,"column":16},"end":{"line":85,"column":29}},"loc":{"start":{"line":85,"column":35},"end":{"line":95,"column":1}},"line":85},"7":{"name":"stop","decl":{"start":{"line":98,"column":16},"end":{"line":98,"column":20}},"loc":{"start":{"line":98,"column":29},"end":{"line":100,"column":1}},"line":98},"8":{"name":"cleanupEffect","decl":{"start":{"line":102,"column":9},"end":{"line":102,"column":22}},"loc":{"start":{"line":102,"column":31},"end":{"line":107,"column":1}},"line":102},"9":{"name":"(anonymous_9)","decl":{"start":{"line":103,"column":21},"end":{"line":103,"column":22}},"loc":{"start":{"line":103,"column":35},"end":{"line":105,"column":2}},"line":103},"10":{"name":"isTracking","decl":{"start":{"line":110,"column":16},"end":{"line":110,"column":26}},"loc":{"start":{"line":110,"column":29},"end":{"line":112,"column":1}},"line":110},"11":{"name":"effect","decl":{"start":{"line":113,"column":16},"end":{"line":113,"column":22}},"loc":{"start":{"line":113,"column":46},"end":{"line":127,"column":1}},"line":113}},"branchMap":{"0":{"loc":{"start":{"line":21,"column":2},"end":{"line":23,"column":3}},"type":"if","locations":[{"start":{"line":21,"column":2},"end":{"line":23,"column":3}},{"start":{},"end":{}}],"line":21},"1":{"loc":{"start":{"line":34,"column":2},"end":{"line":41,"column":3}},"type":"if","locations":[{"start":{"line":34,"column":2},"end":{"line":41,"column":3}},{"start":{},"end":{}}],"line":34},"2":{"loc":{"start":{"line":37,"column":3},"end":{"line":39,"column":4}},"type":"if","locations":[{"start":{"line":37,"column":3},"end":{"line":39,"column":4}},{"start":{},"end":{}}],"line":37},"3":{"loc":{"start":{"line":52,"column":1},"end":{"line":52,"column":27}},"type":"if","locations":[{"start":{"line":52,"column":1},"end":{"line":52,"column":27}},{"start":{},"end":{}}],"line":52},"4":{"loc":{"start":{"line":56,"column":1},"end":{"line":59,"column":2}},"type":"if","locations":[{"start":{"line":56,"column":1},"end":{"line":59,"column":2}},{"start":{},"end":{}}],"line":56},"5":{"loc":{"start":{"line":62,"column":1},"end":{"line":65,"column":2}},"type":"if","locations":[{"start":{"line":62,"column":1},"end":{"line":65,"column":2}},{"start":{},"end":{}}],"line":62},"6":{"loc":{"start":{"line":73,"column":1},"end":{"line":73,"column":35}},"type":"if","locations":[{"start":{"line":73,"column":1},"end":{"line":73,"column":35}},{"start":{},"end":{}}],"line":73},"7":{"loc":{"start":{"line":89,"column":2},"end":{"line":93,"column":3}},"type":"if","locations":[{"start":{"line":89,"column":2},"end":{"line":93,"column":3}},{"start":{"line":91,"column":9},"end":{"line":93,"column":3}}],"line":89},"8":{"loc":{"start":{"line":111,"column":8},"end":{"line":111,"column":49}},"type":"binary-expr","locations":[{"start":{"line":111,"column":8},"end":{"line":111,"column":19}},{"start":{"line":111,"column":23},"end":{"line":111,"column":49}}],"line":111},"9":{"loc":{"start":{"line":113,"column":27},"end":{"line":113,"column":44}},"type":"default-arg","locations":[{"start":{"line":113,"column":42},"end":{"line":113,"column":44}}],"line":113}},"s":{"0":0,"1":0,"2":0,"3":0,"4":0,"5":0,"6":0,"7":0,"8":0,"9":0,"10":0,"11":0,"12":0,"13":0,"14":0,"15":0,"16":0,"17":0,"18":0,"19":1,"20":0,"21":0,"22":0,"23":0,"24":0,"25":0,"26":0,"27":0,"28":0,"29":0,"30":0,"31":0,"32":0,"33":0,"34":0,"35":0,"36":0,"37":0,"38":0,"39":0,"40":0,"41":0,"42":0,"43":0,"44":0,"45":0,"46":0,"47":0,"48":0,"49":0,"50":0,"51":0,"52":0},"f":{"0":0,"1":0,"2":0,"3":0,"4":0,"5":0,"6":0,"7":0,"8":0,"9":0,"10":0,"11":0},"b":{"0":[0,0],"1":[0,0],"2":[0,0],"3":[0,0],"4":[0,0],"5":[0,0],"6":[0,0],"7":[0,0],"8":[0,0],"9":[0]},"_coverageSchema":"1a1c01bbd47fc00a2c39e90264f33305004495a9","hash":"ce14757f0df4420b6b1e2c5ff7e9645d3f63d4c3"}
,"D:\\Project\\Vue3源码\\ZXS-Mini-Vue\\src\\reactivity\\reactive.ts": {"path":"D:\\Project\\Vue3源码\\ZXS-Mini-Vue\\src\\reactivity\\reactive.ts","statementMap":{"0":{"start":{"line":22,"column":1},"end":{"line":22,"column":51}},"1":{"start":{"line":50,"column":1},"end":{"line":50,"column":52}},"2":{"start":{"line":68,"column":1},"end":{"line":68,"column":59}},"3":{"start":{"line":72,"column":1},"end":{"line":72,"column":37}},"4":{"start":{"line":79,"column":1},"end":{"line":79,"column":44}},"5":{"start":{"line":83,"column":1},"end":{"line":83,"column":44}},"6":{"start":{"line":87,"column":1},"end":{"line":87,"column":49}}},"fnMap":{"0":{"name":"reactive","decl":{"start":{"line":21,"column":16},"end":{"line":21,"column":24}},"loc":{"start":{"line":21,"column":30},"end":{"line":46,"column":1}},"line":21},"1":{"name":"readonly","decl":{"start":{"line":49,"column":16},"end":{"line":49,"column":24}},"loc":{"start":{"line":49,"column":30},"end":{"line":66,"column":1}},"line":49},"2":{"name":"shallowReadonly","decl":{"start":{"line":67,"column":16},"end":{"line":67,"column":31}},"loc":{"start":{"line":67,"column":37},"end":{"line":69,"column":1}},"line":67},"3":{"name":"createReactiveObject","decl":{"start":{"line":71,"column":9},"end":{"line":71,"column":29}},"loc":{"start":{"line":71,"column":54},"end":{"line":73,"column":1}},"line":71},"4":{"name":"isReactive","decl":{"start":{"line":76,"column":16},"end":{"line":76,"column":26}},"loc":{"start":{"line":76,"column":35},"end":{"line":80,"column":1}},"line":76},"5":{"name":"isReadonly","decl":{"start":{"line":82,"column":16},"end":{"line":82,"column":26}},"loc":{"start":{"line":82,"column":35},"end":{"line":84,"column":1}},"line":82},"6":{"name":"isProxy","decl":{"start":{"line":86,"column":16},"end":{"line":86,"column":23}},"loc":{"start":{"line":86,"column":32},"end":{"line":88,"column":1}},"line":86}},"branchMap":{"0":{"loc":{"start":{"line":87,"column":8},"end":{"line":87,"column":48}},"type":"binary-expr","locations":[{"start":{"line":87,"column":8},"end":{"line":87,"column":26}},{"start":{"line":87,"column":30},"end":{"line":87,"column":48}}],"line":87}},"s":{"0":0,"1":2,"2":2,"3":4,"4":1,"5":3,"6":0},"f":{"0":0,"1":2,"2":2,"3":4,"4":1,"5":3,"6":0},"b":{"0":[0,0]},"_coverageSchema":"1a1c01bbd47fc00a2c39e90264f33305004495a9","hash":"49e414820e8e00ef0f4173e03e0d1581d01a7000"}
,"D:\\Project\\Vue3源码\\ZXS-Mini-Vue\\src\\shared\\index.ts": {"path":"D:\\Project\\Vue3源码\\ZXS-Mini-Vue\\src\\shared\\index.ts","statementMap":{"0":{"start":{"line":1,"column":22},"end":{"line":1,"column":35}},"1":{"start":{"line":2,"column":24},"end":{"line":2,"column":71}},"2":{"start":{"line":2,"column":33},"end":{"line":2,"column":71}},"3":{"start":{"line":3,"column":26},"end":{"line":3,"column":74}},"4":{"start":{"line":3,"column":47},"end":{"line":3,"column":74}}},"fnMap":{"0":{"name":"(anonymous_0)","decl":{"start":{"line":2,"column":24},"end":{"line":2,"column":25}},"loc":{"start":{"line":2,"column":33},"end":{"line":2,"column":71}},"line":2},"1":{"name":"(anonymous_1)","decl":{"start":{"line":3,"column":26},"end":{"line":3,"column":27}},"loc":{"start":{"line":3,"column":47},"end":{"line":3,"column":74}},"line":3}},"branchMap":{"0":{"loc":{"start":{"line":2,"column":33},"end":{"line":2,"column":71}},"type":"binary-expr","locations":[{"start":{"line":2,"column":33},"end":{"line":2,"column":45}},{"start":{"line":2,"column":49},"end":{"line":2,"column":71}}],"line":2}},"s":{"0":1,"1":1,"2":1,"3":1,"4":0},"f":{"0":1,"1":0},"b":{"0":[1,1]},"_coverageSchema":"1a1c01bbd47fc00a2c39e90264f33305004495a9","hash":"7276b5495e4d0c93b6f45db82eb0d62a1641dcaa"}
}
