TN:
SF:src\reactivity\baseHandlers.ts
FN:10,createGetter
FN:11,get
FN:37,createSetter
FN:38,set
FN:52,(anonymous_4)
FN:61,(anonymous_5)
FNF:6
FNH:3
FNDA:3,createGetter
FNDA:5,get
FNDA:1,createSetter
FNDA:0,set
FNDA:0,(anonymous_4)
FNDA:0,(anonymous_5)
DA:5,1
DA:6,1
DA:7,1
DA:8,1
DA:11,3
DA:13,5
DA:14,0
DA:15,5
DA:17,2
DA:19,3
DA:21,3
DA:22,0
DA:25,3
DA:26,2
DA:29,1
DA:30,1
DA:33,0
DA:38,1
DA:39,0
DA:40,0
DA:41,0
DA:44,1
DA:49,1
DA:53,0
DA:54,0
DA:59,1
DA:62,0
DA:63,0
LF:28
LH:18
BRDA:10,0,0,1
BRDA:10,1,0,2
BRDA:13,2,0,0
BRDA:13,2,1,5
BRDA:15,3,0,2
BRDA:15,3,1,3
BRDA:21,4,0,0
BRDA:21,4,1,3
BRDA:25,5,0,2
BRDA:25,5,1,1
BRDA:29,6,0,1
BRDA:29,6,1,0
BRDA:30,7,0,1
BRDA:30,7,1,0
BRF:14
BRH:10
end_of_record
TN:
SF:src\reactivity\effect.ts
FN:14,(anonymous_0)
FN:19,(anonymous_1)
FN:33,(anonymous_2)
FN:51,track
FN:71,trackEffect
FN:79,trigger
FN:85,triggerEffect
FN:98,stop
FN:102,cleanupEffect
FN:103,(anonymous_9)
FN:110,isTracking
FN:113,effect
FNF:12
FNH:0
FNDA:0,(anonymous_0)
FNDA:0,(anonymous_1)
FNDA:0,(anonymous_2)
FNDA:0,track
FNDA:0,trackEffect
FNDA:0,trigger
FNDA:0,triggerEffect
FNDA:0,stop
FNDA:0,cleanupEffect
FNDA:0,(anonymous_9)
FNDA:0,isTracking
FNDA:0,effect
DA:11,0
DA:12,0
DA:15,0
DA:16,0
DA:20,0
DA:21,0
DA:22,0
DA:24,0
DA:25,0
DA:26,0
DA:27,0
DA:29,0
DA:30,0
DA:31,0
DA:34,0
DA:35,0
DA:37,0
DA:38,0
DA:40,0
DA:49,1
DA:52,0
DA:54,0
DA:56,0
DA:57,0
DA:58,0
DA:60,0
DA:62,0
DA:63,0
DA:64,0
DA:67,0
DA:73,0
DA:74,0
DA:75,0
DA:80,0
DA:81,0
DA:82,0
DA:87,0
DA:89,0
DA:90,0
DA:92,0
DA:99,0
DA:103,0
DA:104,0
DA:106,0
DA:111,0
DA:114,0
DA:121,0
DA:122,0
DA:123,0
DA:125,0
DA:126,0
LF:51
LH:1
BRDA:21,0,0,0
BRDA:21,0,1,0
BRDA:34,1,0,0
BRDA:34,1,1,0
BRDA:37,2,0,0
BRDA:37,2,1,0
BRDA:52,3,0,0
BRDA:52,3,1,0
BRDA:56,4,0,0
BRDA:56,4,1,0
BRDA:62,5,0,0
BRDA:62,5,1,0
BRDA:73,6,0,0
BRDA:73,6,1,0
BRDA:89,7,0,0
BRDA:89,7,1,0
BRDA:111,8,0,0
BRDA:111,8,1,0
BRDA:113,9,0,0
BRF:19
BRH:0
end_of_record
TN:
SF:src\reactivity\reactive.ts
FN:21,reactive
FN:49,readonly
FN:67,shallowReadonly
FN:71,createReactiveObject
FN:76,isReactive
FN:82,isReadonly
FN:86,isProxy
FNF:7
FNH:5
FNDA:0,reactive
FNDA:2,readonly
FNDA:2,shallowReadonly
FNDA:4,createReactiveObject
FNDA:1,isReactive
FNDA:3,isReadonly
FNDA:0,isProxy
DA:22,0
DA:50,2
DA:68,2
DA:72,4
DA:79,1
DA:83,3
DA:87,0
LF:7
LH:5
BRDA:87,0,0,0
BRDA:87,0,1,0
BRF:2
BRH:0
end_of_record
TN:
SF:src\shared\index.ts
FN:2,(anonymous_0)
FN:3,(anonymous_1)
FNF:2
FNH:1
FNDA:1,(anonymous_0)
FNDA:0,(anonymous_1)
DA:1,1
DA:2,1
DA:3,1
LF:3
LH:3
BRDA:2,0,0,1
BRDA:2,0,1,1
BRF:2
BRH:2
end_of_record
